<?xml version="1.0" encoding="utf-8"?><testsuites name="pytest tests"><testsuite name="pytest" errors="0" failures="2" skipped="0" tests="22" time="7.363" timestamp="2026-06-29T10:47:16.692584+00:00" hostname="agent-env-485e2cfe-f330-4e21-8072-bbc3953208cb"><testcase classname="tests.backend_test.TestAuth" name="test_register_new_user" time="0.407"><failure message="AssertionError: assert 'test_reg_d69a15b8@rtr.app' == 'TEST_reg_d69a15b8@rtr.app'&#10;  &#10;  - TEST_reg_d69a15b8@rtr.app&#10;  ? ^^^^&#10;  + test_reg_d69a15b8@rtr.app&#10;  ? ^^^^">backend/tests/backend_test.py:70: in test_register_new_user
    assert data["email"] == email
E   AssertionError: assert 'test_reg_d69a15b8@rtr.app' == 'TEST_reg_d69a15b8@rtr.app'
E     
E     - TEST_reg_d69a15b8@rtr.app
E     ? ^^^^
E     + test_reg_d69a15b8@rtr.app
E     ? ^^^^</failure></testcase><testcase classname="tests.backend_test.TestRecommend" name="test_crops" time="0.157" /><testcase classname="tests.backend_test.TestRecommend" name="test_fertilizer" time="0.248" /><testcase classname="tests.backend_test.TestRecommend" name="test_yield" time="0.044" /><testcase classname="tests.backend_test.TestAuth" name="test_register_duplicate" time="0.403" /><testcase classname="tests.backend_test.TestRecommend" name="test_rotation" time="0.251" /><testcase classname="tests.backend_test.TestRecommend" name="test_rotation_unknown" time="0.047" /><testcase classname="tests.backend_test.TestArticles" name="test_curated" time="0.046" /><testcase classname="tests.backend_test.TestArticles" name="test_private_requires_auth" time="0.321" /><testcase classname="tests.backend_test.TestAuth" name="test_login_success_and_me" time="0.838"><failure message="AssertionError: assert 'test_login_6955132d@rtr.app' == 'TEST_login_6955132d@rtr.app'&#10;  &#10;  - TEST_login_6955132d@rtr.app&#10;  ? ^^^^&#10;  + test_login_6955132d@rtr.app&#10;  ? ^^^^">backend/tests/backend_test.py:91: in test_login_success_and_me
    assert r.json()["email"] == email
E   AssertionError: assert 'test_login_6955132d@rtr.app' == 'TEST_login_6955132d@rtr.app'
E     
E     - TEST_login_6955132d@rtr.app
E     ? ^^^^
E     + test_login_6955132d@rtr.app
E     ? ^^^^</failure></testcase><testcase classname="tests.backend_test.TestArticles" name="test_private_create_get_delete" time="0.727" /><testcase classname="tests.backend_test.TestAuth" name="test_login_invalid" time="0.046" /><testcase classname="tests.backend_test.TestAuth" name="test_me_requires_auth" time="0.144" /><testcase classname="tests.backend_test.TestSoil" name="test_soil_requires_auth" time="0.103" /><testcase classname="tests.backend_test.TestAuth" name="test_logout_clears_cookie" time="0.505" /><testcase classname="tests.backend_test.TestSoil" name="test_save_and_fetch" time="0.381" /><testcase classname="tests.backend_test.TestChat" name="test_chat_requires_auth" time="0.122" /><testcase classname="tests.backend_test.TestActivitiesAlerts" name="test_activities_requires_auth" time="1.419" /><testcase classname="tests.backend_test.TestChat" name="test_chat_streams" time="3.609" /><testcase classname="tests.backend_test.TestActivitiesAlerts" name="test_activities_after_soil" time="0.489" /><testcase classname="tests.backend_test.TestCalendar" name="test_planting_calendar" time="0.051" /><testcase classname="tests.backend_test.TestWeather" name="test_weather_nairobi" time="0.567" /></testsuite></testsuites>